# JRE version: OpenJDK Runtime Environment Temurin-11.0.12+7 (11.0.12+7) (build 11.0.12+7)
# Java VM: OpenJDK 64-Bit Server VM Temurin-11.0.12+7 (11.0.12+7, mixed mode, tiered, compressed oops, parallel gc, windows-amd64)
Heap:
 PSYoungGen      total 22016K, used 15431K [0x00000000eab00000, 0x00000000ecd00000, 0x0000000100000000)
  eden space 10240K, 39% used [0x00000000eab00000,0x00000000eaef7040,0x00000000eb500000)
  from space 11776K, 96% used [0x00000000eb500000,0x00000000ec01ae48,0x00000000ec080000)
  to   space 11776K, 0% used [0x00000000ec180000,0x00000000ec180000,0x00000000ecd00000)
 ParOldGen       total 473088K, used 414364K [0x00000000c0000000, 0x00000000dce00000, 0x00000000eab00000)
  object space 473088K, 87% used [0x00000000c0000000,0x00000000d94a71f8,0x00000000dce00000)
 Metaspace       used 59505K, capacity 62437K, committed 62592K, reserved 1105920K
  class space    used 5810K, capacity 6924K, committed 7040K, reserved 1048576K
GC Heap History (20 events):
Event: 439.123 GC heap before
{Heap before GC invocations=127 (full 9):
 PSYoungGen      total 13312K, used 13093K [0x00000000eab00000, 0x00000000ec080000, 0x0000000100000000)
  eden space 9728K, 100% used [0x00000000eab00000,0x00000000eb480000,0x00000000eb480000)
  from space 3584K, 93% used [0x00000000eb480000,0x00000000eb7c96f0,0x00000000eb800000)
  to   space 5632K, 0% used [0x00000000ebb00000,0x00000000ebb00000,0x00000000ec080000)
 ParOldGen       total 473088K, used 396625K [0x00000000c0000000, 0x00000000dce00000, 0x00000000eab00000)
  object space 473088K, 83% used [0x00000000c0000000,0x00000000d8354738,0x00000000dce00000)
 Metaspace       used 57405K, capacity 60437K, committed 60544K, reserved 1103872K
  class space    used 5616K, capacity 6750K, committed 6784K, reserved 1048576K
}
Event: 439.135 GC heap after
{Heap after GC invocations=127 (full 9):
 PSYoungGen      total 15360K, used 4159K [0x00000000eab00000, 0x00000000ebf80000, 0x0000000100000000)
  eden space 10752K, 0% used [0x00000000eab00000,0x00000000eab00000,0x00000000eb580000)
  from space 4608K, 90% used [0x00000000ebb00000,0x00000000ebf0fc40,0x00000000ebf80000)
  to   space 4608K, 0% used [0x00000000eb680000,0x00000000eb680000,0x00000000ebb00000)
 ParOldGen       total 473088K, used 396625K [0x00000000c0000000, 0x00000000dce00000, 0x00000000eab00000)
  object space 473088K, 83% used [0x00000000c0000000,0x00000000d8354738,0x00000000dce00000)
 Metaspace       used 57405K, capacity 60437K, committed 60544K, reserved 1103872K
  class space    used 5616K, capacity 6750K, committed 6784K, reserved 1048576K
}
Event: 439.184 GC heap before
{Heap before GC invocations=128 (full 9):
 PSYoungGen      total 15360K, used 14911K [0x00000000eab00000, 0x00000000ebf80000, 0x0000000100000000)
  eden space 10752K, 100% used [0x00000000eab00000,0x00000000eb580000,0x00000000eb580000)
  from space 4608K, 90% used [0x00000000ebb00000,0x00000000ebf0fc40,0x00000000ebf80000)
  to   space 4608K, 0% used [0x00000000eb680000,0x00000000eb680000,0x00000000ebb00000)
 ParOldGen       total 473088K, used 396625K [0x00000000c0000000, 0x00000000dce00000, 0x00000000eab00000)
  object space 473088K, 83% used [0x00000000c0000000,0x00000000d8354738,0x00000000dce00000)
 Metaspace       used 57405K, capacity 60437K, committed 60544K, reserved 1103872K
  class space    used 5616K, capacity 6750K, committed 6784K, reserved 1048576K
}
Event: 439.204 GC heap after
{Heap after GC invocations=128 (full 9):
 PSYoungGen      total 16384K, used 3816K [0x00000000eab00000, 0x00000000ebf00000, 0x0000000100000000)
  eden space 11776K, 0% used [0x00000000eab00000,0x00000000eab00000,0x00000000eb680000)
  from space 4608K, 82% used [0x00000000eb680000,0x00000000eba3a2c0,0x00000000ebb00000)
  to   space 4096K, 0% used [0x00000000ebb00000,0x00000000ebb00000,0x00000000ebf00000)
 ParOldGen       total 473088K, used 396625K [0x00000000c0000000, 0x00000000dce00000, 0x00000000eab00000)
  object space 473088K, 83% used [0x00000000c0000000,0x00000000d8354738,0x00000000dce00000)
 Metaspace       used 57405K, capacity 60437K, committed 60544K, reserved 1103872K
  class space    used 5616K, capacity 6750K, committed 6784K, reserved 1048576K
}
Event: 439.356 GC heap before
{Heap before GC invocations=129 (full 9):
 PSYoungGen      total 16384K, used 15592K [0x00000000eab00000, 0x00000000ebf00000, 0x0000000100000000)
  eden space 11776K, 100% used [0x00000000eab00000,0x00000000eb680000,0x00000000eb680000)
  from space 4608K, 82% used [0x00000000eb680000,0x00000000eba3a2c0,0x00000000ebb00000)
  to   space 4096K, 0% used [0x00000000ebb00000,0x00000000ebb00000,0x00000000ebf00000)
 ParOldGen       total 473088K, used 396625K [0x00000000c0000000, 0x00000000dce00000, 0x00000000eab00000)
  object space 473088K, 83% used [0x00000000c0000000,0x00000000d8354738,0x00000000dce00000)
 Metaspace       used 57660K, capacity 60644K, committed 60800K, reserved 1103872K
  class space    used 5633K, capacity 6755K, committed 6784K, reserved 1048576K
}
Event: 439.364 GC heap after
{Heap after GC invocations=129 (full 9):
 PSYoungGen      total 13312K, used 4083K [0x00000000eab00000, 0x00000000ec600000, 0x0000000100000000)
  eden space 9216K, 0% used [0x00000000eab00000,0x00000000eab00000,0x00000000eb400000)
  from space 4096K, 99% used [0x00000000ebb00000,0x00000000ebefcf00,0x00000000ebf00000)
  to   space 7168K, 0% used [0x00000000eb400000,0x00000000eb400000,0x00000000ebb00000)
 ParOldGen       total 473088K, used 398960K [0x00000000c0000000, 0x00000000dce00000, 0x00000000eab00000)
  object space 473088K, 84% used [0x00000000c0000000,0x00000000d859c280,0x00000000dce00000)
 Metaspace       used 57660K, capacity 60644K, committed 60800K, reserved 1103872K
  class space    used 5633K, capacity 6755K, committed 6784K, reserved 1048576K
}
Event: 439.383 GC heap before
{Heap before GC invocations=130 (full 9):
 PSYoungGen      total 13312K, used 13299K [0x00000000eab00000, 0x00000000ec600000, 0x0000000100000000)
  eden space 9216K, 100% used [0x00000000eab00000,0x00000000eb400000,0x00000000eb400000)
  from space 4096K, 99% used [0x00000000ebb00000,0x00000000ebefcf00,0x00000000ebf00000)
  to   space 7168K, 0% used [0x00000000eb400000,0x00000000eb400000,0x00000000ebb00000)
 ParOldGen       total 473088K, used 398960K [0x00000000c0000000, 0x00000000dce00000, 0x00000000eab00000)
  object space 473088K, 84% used [0x00000000c0000000,0x00000000d859c280,0x00000000dce00000)
 Metaspace       used 57660K, capacity 60644K, committed 60800K, reserved 1103872K
  class space    used 5633K, capacity 6755K, committed 6784K, reserved 1048576K
}
Event: 439.390 GC heap after
{Heap after GC invocations=130 (full 9):
 PSYoungGen      total 12288K, used 2802K [0x00000000eab00000, 0x00000000ebe00000, 0x0000000100000000)
  eden space 9216K, 0% used [0x00000000eab00000,0x00000000eab00000,0x00000000eb400000)
  from space 3072K, 91% used [0x00000000eb400000,0x00000000eb6bcba8,0x00000000eb700000)
  to   space 4608K, 0% used [0x00000000eb980000,0x00000000eb980000,0x00000000ebe00000)
 ParOldGen       total 473088K, used 401022K [0x00000000c0000000, 0x00000000dce00000, 0x00000000eab00000)
  object space 473088K, 84% used [0x00000000c0000000,0x00000000d879f928,0x00000000dce00000)
 Metaspace       used 57660K, capacity 60644K, committed 60800K, reserved 1103872K
  class space    used 5633K, capacity 6755K, committed 6784K, reserved 1048576K
}
Event: 439.452 GC heap before
{Heap before GC invocations=131 (full 9):
 PSYoungGen      total 12288K, used 12018K [0x00000000eab00000, 0x00000000ebe00000, 0x0000000100000000)
  eden space 9216K, 100% used [0x00000000eab00000,0x00000000eb400000,0x00000000eb400000)
  from space 3072K, 91% used [0x00000000eb400000,0x00000000eb6bcba8,0x00000000eb700000)
  to   space 4608K, 0% used [0x00000000eb980000,0x00000000eb980000,0x00000000ebe00000)
 ParOldGen       total 473088K, used 401022K [0x00000000c0000000, 0x00000000dce00000, 0x00000000eab00000)
  object space 473088K, 84% used [0x00000000c0000000,0x00000000d879f928,0x00000000dce00000)
 Metaspace       used 57679K, capacity 60708K, committed 60800K, reserved 1103872K
  class space    used 5634K, capacity 6755K, committed 6784K, reserved 1048576K
}
Event: 439.465 GC heap after
{Heap after GC invocations=131 (full 9):
 PSYoungGen      total 14336K, used 3821K [0x00000000eab00000, 0x00000000ebd80000, 0x0000000100000000)
  eden space 10240K, 0% used [0x00000000eab00000,0x00000000eab00000,0x00000000eb500000)
  from space 4096K, 93% used [0x00000000eb980000,0x00000000ebd3b4a8,0x00000000ebd80000)
  to   space 4096K, 0% used [0x00000000eb580000,0x00000000eb580000,0x00000000eb980000)
 ParOldGen       total 473088K, used 401046K [0x00000000c0000000, 0x00000000dce00000, 0x00000000eab00000)
  object space 473088K, 84% used [0x00000000c0000000,0x00000000d87a5928,0x00000000dce00000)
 Metaspace       used 57679K, capacity 60708K, committed 60800K, reserved 1103872K
  class space    used 5634K, capacity 6755K, committed 6784K, reserved 1048576K
}
Event: 439.523 GC heap before
{Heap before GC invocations=132 (full 9):
 PSYoungGen      total 14336K, used 14061K [0x00000000eab00000, 0x00000000ebd80000, 0x0000000100000000)
  eden space 10240K, 100% used [0x00000000eab00000,0x00000000eb500000,0x00000000eb500000)
  from space 4096K, 93% used [0x00000000eb980000,0x00000000ebd3b4a8,0x00000000ebd80000)
  to   space 4096K, 0% used [0x00000000eb580000,0x00000000eb580000,0x00000000eb980000)
 ParOldGen       total 473088K, used 401046K [0x00000000c0000000, 0x00000000dce00000, 0x00000000eab00000)
  object space 473088K, 84% used [0x00000000c0000000,0x00000000d87a5928,0x00000000dce00000)
 Metaspace       used 57692K, capacity 60708K, committed 60800K, reserved 1103872K
  class space    used 5634K, capacity 6755K, committed 6784K, reserved 1048576K
}
Event: 439.547 GC heap after
{Heap after GC invocations=132 (full 9):
 PSYoungGen      total 14848K, used 4088K [0x00000000eab00000, 0x00000000ec180000, 0x0000000100000000)
  eden space 10752K, 0% used [0x00000000eab00000,0x00000000eab00000,0x00000000eb580000)
  from space 4096K, 99% used [0x00000000eb580000,0x00000000eb97e2a8,0x00000000eb980000)
  to   space 5632K, 0% used [0x00000000ebc00000,0x00000000ebc00000,0x00000000ec180000)
 ParOldGen       total 473088K, used 402218K [0x00000000c0000000, 0x00000000dce00000, 0x00000000eab00000)
  object space 473088K, 85% used [0x00000000c0000000,0x00000000d88cab38,0x00000000dce00000)
 Metaspace       used 57692K, capacity 60708K, committed 60800K, reserved 1103872K
  class space    used 5634K, capacity 6755K, committed 6784K, reserved 1048576K
}
Event: 439.662 GC heap before
{Heap before GC invocations=133 (full 9):
 PSYoungGen      total 14848K, used 14840K [0x00000000eab00000, 0x00000000ec180000, 0x0000000100000000)
  eden space 10752K, 100% used [0x00000000eab00000,0x00000000eb580000,0x00000000eb580000)
  from space 4096K, 99% used [0x00000000eb580000,0x00000000eb97e2a8,0x00000000eb980000)
  to   space 5632K, 0% used [0x00000000ebc00000,0x00000000ebc00000,0x00000000ec180000)
 ParOldGen       total 473088K, used 402218K [0x00000000c0000000, 0x00000000dce00000, 0x00000000eab00000)
  object space 473088K, 85% used [0x00000000c0000000,0x00000000d88cab38,0x00000000dce00000)
 Metaspace       used 57697K, capacity 60708K, committed 60800K, reserved 1103872K
  class space    used 5634K, capacity 6755K, committed 6784K, reserved 1048576K
}
Event: 439.673 GC heap after
{Heap after GC invocations=133 (full 9):
 PSYoungGen      total 15872K, used 3232K [0x00000000eab00000, 0x00000000ebf80000, 0x0000000100000000)
  eden space 12288K, 0% used [0x00000000eab00000,0x00000000eab00000,0x00000000eb700000)
  from space 3584K, 90% used [0x00000000ebc00000,0x00000000ebf28000,0x00000000ebf80000)
  to   space 4096K, 0% used [0x00000000eb780000,0x00000000eb780000,0x00000000ebb80000)
 ParOldGen       total 473088K, used 404555K [0x00000000c0000000, 0x00000000dce00000, 0x00000000eab00000)
  object space 473088K, 85% used [0x00000000c0000000,0x00000000d8b12de0,0x00000000dce00000)
 Metaspace       used 57697K, capacity 60708K, committed 60800K, reserved 1103872K
  class space    used 5634K, capacity 6755K, committed 6784K, reserved 1048576K
}
Event: 440.154 GC heap before
{Heap before GC invocations=134 (full 9):
 PSYoungGen      total 15872K, used 15520K [0x00000000eab00000, 0x00000000ebf80000, 0x0000000100000000)
  eden space 12288K, 100% used [0x00000000eab00000,0x00000000eb700000,0x00000000eb700000)
  from space 3584K, 90% used [0x00000000ebc00000,0x00000000ebf28000,0x00000000ebf80000)
  to   space 4096K, 0% used [0x00000000eb780000,0x00000000eb780000,0x00000000ebb80000)
 ParOldGen       total 473088K, used 404555K [0x00000000c0000000, 0x00000000dce00000, 0x00000000eab00000)
  object space 473088K, 85% used [0x00000000c0000000,0x00000000d8b12de0,0x00000000dce00000)
 Metaspace       used 58627K, capacity 61617K, committed 61696K, reserved 1103872K
  class space    used 5772K, capacity 6887K, committed 6912K, reserved 1048576K
}
Event: 440.187 GC heap after
{Heap after GC invocations=134 (full 9):
 PSYoungGen      total 16896K, used 4080K [0x00000000eab00000, 0x00000000ecb80000, 0x0000000100000000)
  eden space 12800K, 0% used [0x00000000eab00000,0x00000000eab00000,0x00000000eb780000)
  from space 4096K, 99% used [0x00000000eb780000,0x00000000ebb7c1a8,0x00000000ebb80000)
  to   space 9728K, 0% used [0x00000000ec200000,0x00000000ec200000,0x00000000ecb80000)
 ParOldGen       total 473088K, used 408905K [0x00000000c0000000, 0x00000000dce00000, 0x00000000eab00000)
  object space 473088K, 86% used [0x00000000c0000000,0x00000000d8f52568,0x00000000dce00000)
 Metaspace       used 58627K, capacity 61617K, committed 61696K, reserved 1103872K
  class space    used 5772K, capacity 6887K, committed 6912K, reserved 1048576K
}
Event: 443.107 GC heap before
{Heap before GC invocations=135 (full 9):
 PSYoungGen      total 16896K, used 16880K [0x00000000eab00000, 0x00000000ecb80000, 0x0000000100000000)
  eden space 12800K, 100% used [0x00000000eab00000,0x00000000eb780000,0x00000000eb780000)
  from space 4096K, 99% used [0x00000000eb780000,0x00000000ebb7c1a8,0x00000000ebb80000)
  to   space 9728K, 0% used [0x00000000ec200000,0x00000000ec200000,0x00000000ecb80000)
 ParOldGen       total 473088K, used 408905K [0x00000000c0000000, 0x00000000dce00000, 0x00000000eab00000)
  object space 473088K, 86% used [0x00000000c0000000,0x00000000d8f52568,0x00000000dce00000)
 Metaspace       used 58882K, capacity 61810K, committed 61952K, reserved 1103872K
  class space    used 5783K, capacity 6887K, committed 6912K, reserved 1048576K
}
Event: 443.129 GC heap after
{Heap after GC invocations=135 (full 9):
 PSYoungGen      total 19968K, used 9714K [0x00000000eab00000, 0x00000000ed280000, 0x0000000100000000)
  eden space 10240K, 0% used [0x00000000eab00000,0x00000000eab00000,0x00000000eb500000)
  from space 9728K, 99% used [0x00000000ec200000,0x00000000ecb7cb40,0x00000000ecb80000)
  to   space 13312K, 0% used [0x00000000eb500000,0x00000000eb500000,0x00000000ec200000)
 ParOldGen       total 473088K, used 411418K [0x00000000c0000000, 0x00000000dce00000, 0x00000000eab00000)
  object space 473088K, 86% used [0x00000000c0000000,0x00000000d91c6a00,0x00000000dce00000)
 Metaspace       used 58882K, capacity 61810K, committed 61952K, reserved 1103872K
  class space    used 5783K, capacity 6887K, committed 6912K, reserved 1048576K
}
Event: 444.201 GC heap before
{Heap before GC invocations=136 (full 9):
 PSYoungGen      total 19968K, used 19954K [0x00000000eab00000, 0x00000000ed280000, 0x0000000100000000)
  eden space 10240K, 100% used [0x00000000eab00000,0x00000000eb500000,0x00000000eb500000)
  from space 9728K, 99% used [0x00000000ec200000,0x00000000ecb7cb40,0x00000000ecb80000)
  to   space 13312K, 0% used [0x00000000eb500000,0x00000000eb500000,0x00000000ec200000)
 ParOldGen       total 473088K, used 411418K [0x00000000c0000000, 0x00000000dce00000, 0x00000000eab00000)
  object space 473088K, 86% used [0x00000000c0000000,0x00000000d91c6a00,0x00000000dce00000)
 Metaspace       used 59035K, capacity 62007K, committed 62208K, reserved 1103872K
  class space    used 5785K, capacity 6887K, committed 6912K, reserved 1048576K
}
Event: 444.234 GC heap after
{Heap after GC invocations=136 (full 9):
 PSYoungGen      total 22016K, used 11371K [0x00000000eab00000, 0x00000000ecd00000, 0x0000000100000000)
  eden space 10240K, 0% used [0x00000000eab00000,0x00000000eab00000,0x00000000eb500000)
  from space 11776K, 96% used [0x00000000eb500000,0x00000000ec01ae48,0x00000000ec080000)
  to   space 11776K, 0% used [0x00000000ec180000,0x00000000ec180000,0x00000000ecd00000)
 ParOldGen       total 473088K, used 414364K [0x00000000c0000000, 0x00000000dce00000, 0x00000000eab00000)
  object space 473088K, 87% used [0x00000000c0000000,0x00000000d94a71f8,0x00000000dce00000)
 Metaspace       used 59035K, capacity 62007K, committed 62208K, reserved 1103872K
  class space    used 5785K, capacity 6887K, committed 6912K, reserved 1048576K
}

